<?xml version="1.0" encoding="UTF-8"?>
<!-- Generated by org.testng.reporters.JUnitXMLReporter -->
<testsuite hostname="hp6550b-PC" ignored="1" name="Default test" tests="2" failures="0" timestamp="26 Jun 2019 08:55:32 GMT" time="251.116" errors="0">
  <testcase name="Sign_In" time="8.137" classname="tests.NewTest"/>
  <testcase name="Bus_Ticket_Booking" time="222.218" classname="tests.NewTest"/>
  <testcase name="Sign_Up" time="0.0" classname="tests.NewTest">
    <ignored/>
  </testcase> <!-- Sign_Up -->
</testsuite> <!-- Default test -->
